TN:
SF:src/utils/validations.js
FN:7,firstName
FN:22,verifyStockAvailability
FN:52,calculateTotalPrice
FNF:3
FNH:3
FNDA:4,firstName
FNDA:4,verifyStockAvailability
FNDA:4,calculateTotalPrice
DA:1,1
DA:2,1
DA:3,1
DA:4,1
DA:5,1
DA:6,1
DA:7,4
DA:8,4
DA:9,4
DA:10,4
DA:11,3
DA:12,4
DA:13,1
DA:14,1
DA:15,1
DA:16,1
DA:17,1
DA:18,1
DA:19,1
DA:20,1
DA:21,1
DA:22,4
DA:23,4
DA:24,4
DA:25,4
DA:26,4
DA:27,4
DA:28,4
DA:29,4
DA:30,4
DA:31,4
DA:32,4
DA:33,4
DA:34,4
DA:35,1
DA:36,4
DA:37,1
DA:38,1
DA:39,1
DA:40,1
DA:41,1
DA:42,1
DA:43,1
DA:44,1
DA:45,1
DA:46,1
DA:47,1
DA:48,1
DA:49,1
DA:50,1
DA:51,1
DA:52,4
DA:53,4
DA:54,4
DA:55,9
DA:56,7
DA:57,7
DA:58,2
DA:59,2
DA:60,1
DA:61,1
LF:61
LH:61
BRDA:7,0,0,4
BRDA:10,1,0,1
BRDA:11,2,0,3
BRDA:22,3,0,4
BRDA:32,4,0,3
BRDA:33,5,0,2
BRDA:34,6,0,1
BRDA:52,7,0,4
BRDA:54,8,0,9
BRDA:55,9,0,8
BRDA:55,10,0,2
BRDA:55,11,0,7
BRDA:57,12,0,2
BRF:13
BRH:13
end_of_record
